Determining if the pthread_create exist failed with the following output:
Change Dir: /home/nithin/Desktop/ThreeDCV/SHOTA/build/CMakeFiles/CMakeTmp

Run Build Command:"/usr/bin/make" "cmTC_ad5de/fast"
/usr/bin/make -f CMakeFiles/cmTC_ad5de.dir/build.make CMakeFiles/cmTC_ad5de.dir/build
make[1]: Entering directory `/home/nithin/Desktop/ThreeDCV/SHOTA/build/CMakeFiles/CMakeTmp'
Building C object CMakeFiles/cmTC_ad5de.dir/CheckSymbolExists.c.o
/usr/bin/cc    -o CMakeFiles/cmTC_ad5de.dir/CheckSymbolExists.c.o   -c /home/nithin/Desktop/ThreeDCV/SHOTA/build/CMakeFiles/CMakeTmp/CheckSymbolExists.c
Linking C executable cmTC_ad5de
/usr/local/bin/cmake -E cmake_link_script CMakeFiles/cmTC_ad5de.dir/link.txt --verbose=1
/usr/bin/cc      -rdynamic CMakeFiles/cmTC_ad5de.dir/CheckSymbolExists.c.o  -o cmTC_ad5de 
CMakeFiles/cmTC_ad5de.dir/CheckSymbolExists.c.o: In function `main':
CheckSymbolExists.c:(.text+0x16): undefined reference to `pthread_create'
collect2: error: ld returned 1 exit status
make[1]: *** [cmTC_ad5de] Error 1
make[1]: Leaving directory `/home/nithin/Desktop/ThreeDCV/SHOTA/build/CMakeFiles/CMakeTmp'
make: *** [cmTC_ad5de/fast] Error 2

File /home/nithin/Desktop/ThreeDCV/SHOTA/build/CMakeFiles/CMakeTmp/CheckSymbolExists.c:
/* */
#include <pthread.h>

int main(int argc, char** argv)
{
  (void)argv;
#ifndef pthread_create
  return ((int*)(&pthread_create))[argc];
#else
  (void)argc;
  return 0;
#endif
}

Determining if the function pthread_create exists in the pthreads failed with the following output:
Change Dir: /home/nithin/Desktop/ThreeDCV/SHOTA/build/CMakeFiles/CMakeTmp

Run Build Command:"/usr/bin/make" "cmTC_4b0cb/fast"
/usr/bin/make -f CMakeFiles/cmTC_4b0cb.dir/build.make CMakeFiles/cmTC_4b0cb.dir/build
make[1]: Entering directory `/home/nithin/Desktop/ThreeDCV/SHOTA/build/CMakeFiles/CMakeTmp'
Building C object CMakeFiles/cmTC_4b0cb.dir/CheckFunctionExists.c.o
/usr/bin/cc   -DCHECK_FUNCTION_EXISTS=pthread_create   -o CMakeFiles/cmTC_4b0cb.dir/CheckFunctionExists.c.o   -c /usr/local/share/cmake-3.12/Modules/CheckFunctionExists.c
Linking C executable cmTC_4b0cb
/usr/local/bin/cmake -E cmake_link_script CMakeFiles/cmTC_4b0cb.dir/link.txt --verbose=1
/usr/bin/cc  -DCHECK_FUNCTION_EXISTS=pthread_create    -rdynamic CMakeFiles/cmTC_4b0cb.dir/CheckFunctionExists.c.o  -o cmTC_4b0cb -lpthreads 
/usr/bin/ld: cannot find -lpthreads
collect2: error: ld returned 1 exit status
make[1]: *** [cmTC_4b0cb] Error 1
make[1]: Leaving directory `/home/nithin/Desktop/ThreeDCV/SHOTA/build/CMakeFiles/CMakeTmp'
make: *** [cmTC_4b0cb/fast] Error 2


