Determining if the pthread_create exist failed with the following output:
Change Dir: /home/nithins/Desktop/ThreeDCV/ESF/build/CMakeFiles/CMakeTmp

Run Build Command:"/usr/bin/make" "cmTC_71c70/fast"
/usr/bin/make -f CMakeFiles/cmTC_71c70.dir/build.make CMakeFiles/cmTC_71c70.dir/build
make[1]: Entering directory '/home/nithins/Desktop/ThreeDCV/ESF/build/CMakeFiles/CMakeTmp'
Building C object CMakeFiles/cmTC_71c70.dir/CheckSymbolExists.c.o
/usr/bin/cc    -o CMakeFiles/cmTC_71c70.dir/CheckSymbolExists.c.o   -c /home/nithins/Desktop/ThreeDCV/ESF/build/CMakeFiles/CMakeTmp/CheckSymbolExists.c
Linking C executable cmTC_71c70
/usr/bin/cmake -E cmake_link_script CMakeFiles/cmTC_71c70.dir/link.txt --verbose=1
/usr/bin/cc      -rdynamic CMakeFiles/cmTC_71c70.dir/CheckSymbolExists.c.o  -o cmTC_71c70 
CMakeFiles/cmTC_71c70.dir/CheckSymbolExists.c.o: In function `main':
CheckSymbolExists.c:(.text+0x1b): undefined reference to `pthread_create'
collect2: error: ld returned 1 exit status
CMakeFiles/cmTC_71c70.dir/build.make:97: recipe for target 'cmTC_71c70' failed
make[1]: *** [cmTC_71c70] Error 1
make[1]: Leaving directory '/home/nithins/Desktop/ThreeDCV/ESF/build/CMakeFiles/CMakeTmp'
Makefile:126: recipe for target 'cmTC_71c70/fast' failed
make: *** [cmTC_71c70/fast] Error 2

File /home/nithins/Desktop/ThreeDCV/ESF/build/CMakeFiles/CMakeTmp/CheckSymbolExists.c:
/* */
#include <pthread.h>

int main(int argc, char** argv)
{
  (void)argv;
#ifndef pthread_create
  return ((int*)(&pthread_create))[argc];
#else
  (void)argc;
  return 0;
#endif
}

Determining if the function pthread_create exists in the pthreads failed with the following output:
Change Dir: /home/nithins/Desktop/ThreeDCV/ESF/build/CMakeFiles/CMakeTmp

Run Build Command:"/usr/bin/make" "cmTC_6286c/fast"
/usr/bin/make -f CMakeFiles/cmTC_6286c.dir/build.make CMakeFiles/cmTC_6286c.dir/build
make[1]: Entering directory '/home/nithins/Desktop/ThreeDCV/ESF/build/CMakeFiles/CMakeTmp'
Building C object CMakeFiles/cmTC_6286c.dir/CheckFunctionExists.c.o
/usr/bin/cc   -DCHECK_FUNCTION_EXISTS=pthread_create   -o CMakeFiles/cmTC_6286c.dir/CheckFunctionExists.c.o   -c /usr/share/cmake-3.10/Modules/CheckFunctionExists.c
Linking C executable cmTC_6286c
/usr/bin/cmake -E cmake_link_script CMakeFiles/cmTC_6286c.dir/link.txt --verbose=1
/usr/bin/cc  -DCHECK_FUNCTION_EXISTS=pthread_create    -rdynamic CMakeFiles/cmTC_6286c.dir/CheckFunctionExists.c.o  -o cmTC_6286c -lpthreads 
/usr/bin/x86_64-linux-gnu-ld: cannot find -lpthreads
collect2: error: ld returned 1 exit status
CMakeFiles/cmTC_6286c.dir/build.make:97: recipe for target 'cmTC_6286c' failed
make[1]: *** [cmTC_6286c] Error 1
make[1]: Leaving directory '/home/nithins/Desktop/ThreeDCV/ESF/build/CMakeFiles/CMakeTmp'
Makefile:126: recipe for target 'cmTC_6286c/fast' failed
make: *** [cmTC_6286c/fast] Error 2


