Determining if the pthread_create exist failed with the following output:
Change Dir: /home/nithins/Desktop/ThreeDCV/Vectors_Intersection/build/CMakeFiles/CMakeTmp

Run Build Command:"/usr/bin/make" "cmTC_cdf52/fast"
/usr/bin/make -f CMakeFiles/cmTC_cdf52.dir/build.make CMakeFiles/cmTC_cdf52.dir/build
make[1]: Entering directory '/home/nithins/Desktop/ThreeDCV/Vectors_Intersection/build/CMakeFiles/CMakeTmp'
Building C object CMakeFiles/cmTC_cdf52.dir/CheckSymbolExists.c.o
/usr/bin/cc    -o CMakeFiles/cmTC_cdf52.dir/CheckSymbolExists.c.o   -c /home/nithins/Desktop/ThreeDCV/Vectors_Intersection/build/CMakeFiles/CMakeTmp/CheckSymbolExists.c
Linking C executable cmTC_cdf52
/usr/bin/cmake -E cmake_link_script CMakeFiles/cmTC_cdf52.dir/link.txt --verbose=1
/usr/bin/cc      -rdynamic CMakeFiles/cmTC_cdf52.dir/CheckSymbolExists.c.o  -o cmTC_cdf52 
CMakeFiles/cmTC_cdf52.dir/CheckSymbolExists.c.o: In function `main':
CheckSymbolExists.c:(.text+0x1b): undefined reference to `pthread_create'
collect2: error: ld returned 1 exit status
CMakeFiles/cmTC_cdf52.dir/build.make:97: recipe for target 'cmTC_cdf52' failed
make[1]: *** [cmTC_cdf52] Error 1
make[1]: Leaving directory '/home/nithins/Desktop/ThreeDCV/Vectors_Intersection/build/CMakeFiles/CMakeTmp'
Makefile:126: recipe for target 'cmTC_cdf52/fast' failed
make: *** [cmTC_cdf52/fast] Error 2

File /home/nithins/Desktop/ThreeDCV/Vectors_Intersection/build/CMakeFiles/CMakeTmp/CheckSymbolExists.c:
/* */
#include <pthread.h>

int main(int argc, char** argv)
{
  (void)argv;
#ifndef pthread_create
  return ((int*)(&pthread_create))[argc];
#else
  (void)argc;
  return 0;
#endif
}

Determining if the function pthread_create exists in the pthreads failed with the following output:
Change Dir: /home/nithins/Desktop/ThreeDCV/Vectors_Intersection/build/CMakeFiles/CMakeTmp

Run Build Command:"/usr/bin/make" "cmTC_805c2/fast"
/usr/bin/make -f CMakeFiles/cmTC_805c2.dir/build.make CMakeFiles/cmTC_805c2.dir/build
make[1]: Entering directory '/home/nithins/Desktop/ThreeDCV/Vectors_Intersection/build/CMakeFiles/CMakeTmp'
Building C object CMakeFiles/cmTC_805c2.dir/CheckFunctionExists.c.o
/usr/bin/cc   -DCHECK_FUNCTION_EXISTS=pthread_create   -o CMakeFiles/cmTC_805c2.dir/CheckFunctionExists.c.o   -c /usr/share/cmake-3.10/Modules/CheckFunctionExists.c
Linking C executable cmTC_805c2
/usr/bin/cmake -E cmake_link_script CMakeFiles/cmTC_805c2.dir/link.txt --verbose=1
/usr/bin/cc  -DCHECK_FUNCTION_EXISTS=pthread_create    -rdynamic CMakeFiles/cmTC_805c2.dir/CheckFunctionExists.c.o  -o cmTC_805c2 -lpthreads 
/usr/bin/x86_64-linux-gnu-ld: cannot find -lpthreads
collect2: error: ld returned 1 exit status
CMakeFiles/cmTC_805c2.dir/build.make:97: recipe for target 'cmTC_805c2' failed
make[1]: *** [cmTC_805c2] Error 1
make[1]: Leaving directory '/home/nithins/Desktop/ThreeDCV/Vectors_Intersection/build/CMakeFiles/CMakeTmp'
Makefile:126: recipe for target 'cmTC_805c2/fast' failed
make: *** [cmTC_805c2/fast] Error 2


